[debug] [2019-06-06T18:51:19.812Z] ----------------------------------------------------------------------
[debug] [2019-06-06T18:51:19.816Z] Command:       /usr/local/bin/node /usr/local/bin/firebase serve
[debug] [2019-06-06T18:51:19.817Z] CLI Version:   6.11.0
[debug] [2019-06-06T18:51:19.817Z] Platform:      darwin
[debug] [2019-06-06T18:51:19.817Z] Node Version:  v10.15.3
[debug] [2019-06-06T18:51:19.818Z] Time:          Thu Jun 06 2019 13:51:19 GMT-0500 (Central Daylight Time)
[debug] [2019-06-06T18:51:19.818Z] ----------------------------------------------------------------------
[debug] 
[debug] [2019-06-06T18:51:19.839Z] > command requires scopes: ["email","openid","https://www.googleapis.com/auth/cloudplatformprojects.readonly","https://www.googleapis.com/auth/firebase","https://www.googleapis.com/auth/cloud-platform"]
[debug] [2019-06-06T18:51:19.840Z] > authorizing via signed-in user
[debug] [2019-06-06T18:51:19.840Z] [iam] checking project techwarriors-1c02e for permissions ["firebase.projects.get"]
[debug] [2019-06-06T18:51:19.842Z] >>> HTTP REQUEST POST https://cloudresourcemanager.googleapis.com/v1/projects/techwarriors-1c02e:testIamPermissions  

[debug] [2019-06-06T18:51:20.060Z] <<< HTTP RESPONSE 200
[debug] [2019-06-06T18:51:20.064Z] >>> HTTP REQUEST GET https://cloudresourcemanager.googleapis.com/v1/projects/techwarriors-1c02e  
 
[debug] [2019-06-06T18:51:20.256Z] <<< HTTP RESPONSE 200
[info] 
[info] === Serving from '/Users/amysand/Documents/GitHub/TechWarriorsProject/TechWarriors'...
[info] 
[debug] [2019-06-06T18:51:20.260Z] >>> HTTP REQUEST GET https://mobilesdk-pa.googleapis.com/v1/projects/975946604095/clients/_:getWebAppConfig  
 
[debug] [2019-06-06T18:51:20.487Z] <<< HTTP RESPONSE 200
[warn] ⚠  hosting: Port 5000 is not available. Trying another port...
[info] i  hosting: Serving hosting files from: public
[info] ✔  hosting: Local server: http://localhost:5005
